<?xml version="1.0" encoding="UTF-8"?>
<!-- Generated by org.testng.reporters.JUnitReportReporter -->
<testsuite hostname="jahanara" failures="0" tests="3" name="com.automationcode.tutorialsninja.Tutorialsninja_Register" time="49.578" errors="0" timestamp="2023-06-27T11:11:43 CDT" skipped="0">
  <testcase classname="com.automationcode.tutorialsninja.Tutorialsninja_Register" name="registrationPagewithValidCredential" time="16.389"/>
  <system-out/>
  <testcase classname="com.automationcode.tutorialsninja.Tutorialsninja_Register" name="registrationPagewithInvalidCredential" time="16.606"/>
  <system-out/>
  <testcase classname="com.automationcode.tutorialsninja.Tutorialsninja_Register" name="registrationPagewithInvalidCredentialnull" time="16.583"/>
  <system-out/>
</testsuite> <!-- com.automationcode.tutorialsninja.Tutorialsninja_Register -->
